<?xml version="1.0" encoding="UTF-8"?>
<coverage generated="1705166780677" clover="3.2.0">
  <project timestamp="1705166780677" name="All files">
    <metrics statements="20" coveredstatements="2" conditionals="6" coveredconditionals="0" methods="2" coveredmethods="0" elements="28" coveredelements="2" complexity="0" loc="20" ncloc="20" packages="1" files="1" classes="1"/>
    <file name="shuffle.js" path="C:\Users\User\src\assessment-6\src\shuffle.js">
      <metrics statements="20" coveredstatements="2" conditionals="6" coveredconditionals="0" methods="2" coveredmethods="0"/>
      <line num="4" count="1" type="stmt"/>
      <line num="5" count="0" type="stmt"/>
      <line num="6" count="0" type="stmt"/>
      <line num="8" count="0" type="cond" truecount="0" falsecount="2"/>
      <line num="9" count="0" type="stmt"/>
      <line num="10" count="0" type="stmt"/>
      <line num="12" count="0" type="stmt"/>
      <line num="15" count="1" type="stmt"/>
      <line num="16" count="0" type="cond" truecount="0" falsecount="2"/>
      <line num="17" count="0" type="cond" truecount="0" falsecount="2"/>
      <line num="18" count="0" type="stmt"/>
      <line num="20" count="0" type="stmt"/>
      <line num="21" count="0" type="stmt"/>
      <line num="22" count="0" type="stmt"/>
      <line num="23" count="0" type="stmt"/>
      <line num="24" count="0" type="stmt"/>
      <line num="25" count="0" type="stmt"/>
      <line num="26" count="0" type="stmt"/>
      <line num="27" count="0" type="stmt"/>
      <line num="29" count="0" type="stmt"/>
    </file>
  </project>
</coverage>
