{"C:\\Users\\User\\src\\assessment-6\\src\\shuffle.js": {"path":"C:\\Users\\User\\src\\assessment-6\\src\\shuffle.js","statementMap":{"0":{"start":{"line":4,"column":18},"end":{"line":13,"column":1}},"1":{"start":{"line":5,"column":14},"end":{"line":5,"column":16}},"2":{"start":{"line":6,"column":17},"end":{"line":6,"column":30}},"3":{"start":{"line":8,"column":2},"end":{"line":8,"column":39}},"4":{"start":{"line":9,"column":2},"end":{"line":11,"column":3}},"5":{"start":{"line":10,"column":4},"end":{"line":10,"column":33}},"6":{"start":{"line":12,"column":2},"end":{"line":12,"column":15}},"7":{"start":{"line":15,"column":0},"end":{"line":30,"column":2}},"8":{"start":{"line":16,"column":17},"end":{"line":16,"column":49}},"9":{"start":{"line":17,"column":2},"end":{"line":19,"column":3}},"10":{"start":{"line":18,"column":4},"end":{"line":18,"column":14}},"11":{"start":{"line":20,"column":14},"end":{"line":20,"column":16}},"12":{"start":{"line":21,"column":20},"end":{"line":21,"column":30}},"13":{"start":{"line":22,"column":17},"end":{"line":22,"column":33}},"14":{"start":{"line":23,"column":2},"end":{"line":28,"column":3}},"15":{"start":{"line":24,"column":17},"end":{"line":24,"column":76}},"16":{"start":{"line":25,"column":18},"end":{"line":25,"column":30}},"17":{"start":{"line":26,"column":4},"end":{"line":26,"column":33}},"18":{"start":{"line":27,"column":4},"end":{"line":27,"column":26}},"19":{"start":{"line":29,"column":2},"end":{"line":29,"column":16}}},"fnMap":{"0":{"name":"(anonymous_0)","decl":{"start":{"line":4,"column":18},"end":{"line":4,"column":19}},"loc":{"start":{"line":4,"column":37},"end":{"line":13,"column":1}},"line":4},"1":{"name":"(anonymous_1)","decl":{"start":{"line":15,"column":17},"end":{"line":15,"column":18}},"loc":{"start":{"line":15,"column":28},"end":{"line":30,"column":1}},"line":15}},"branchMap":{"0":{"loc":{"start":{"line":8,"column":2},"end":{"line":8,"column":38}},"type":"binary-expr","locations":[{"start":{"line":8,"column":2},"end":{"line":8,"column":7}},{"start":{"line":8,"column":12},"end":{"line":8,"column":37}}],"line":8},"1":{"loc":{"start":{"line":16,"column":17},"end":{"line":16,"column":49}},"type":"cond-expr","locations":[{"start":{"line":16,"column":33},"end":{"line":16,"column":34}},{"start":{"line":16,"column":37},"end":{"line":16,"column":49}}],"line":16},"2":{"loc":{"start":{"line":17,"column":2},"end":{"line":19,"column":3}},"type":"if","locations":[{"start":{"line":17,"column":2},"end":{"line":19,"column":3}},{"start":{},"end":{}}],"line":17}},"s":{"0":1,"1":0,"2":0,"3":0,"4":0,"5":0,"6":0,"7":1,"8":0,"9":0,"10":0,"11":0,"12":0,"13":0,"14":0,"15":0,"16":0,"17":0,"18":0,"19":0},"f":{"0":0,"1":0},"b":{"0":[0,0],"1":[0,0],"2":[0,0]},"_coverageSchema":"1a1c01bbd47fc00a2c39e90264f33305004495a9","hash":"3ad4bbdfed24ed3f2b7e18847df9884af0ad0a59"}
}
